<?xml version="1.0" encoding="UTF-8"?>
<testng-results ignored="0" total="1" passed="1" failed="0" skipped="0">
  <reporter-output>
    <line>
      <![CDATA[Successfully Launched Firefox Browser]]>
    </line>
    <line>
      <![CDATA[Browser window is maximized successfully]]>
    </line>
  </reporter-output>
  <suite started-at="2023-10-08T19:46:46 IST" name="Default suite" finished-at="2023-10-08T19:48:25 IST" duration-ms="99078">
    <groups>
    </groups>
    <test started-at="2023-10-08T19:46:46 IST" name="Default test" finished-at="2023-10-08T19:48:25 IST" duration-ms="99078">
      <class name="testCaseSample.TC_SampleTestCase_Test">
        <test-method is-config="true" signature="browserSetUp(java.lang.String)[pri:0, instance:testCaseSample.TC_SampleTestCase_Test@44821a96]" started-at="2023-10-08T19:46:46 IST" name="browserSetUp" finished-at="2023-10-08T19:48:16 IST" duration-ms="89805" status="PASS">
          <params>
            <param index="0">
              <value>
                <![CDATA[noValue]]>
              </value>
            </param>
          </params>
          <reporter-output>
            <line>
              <![CDATA[Successfully Launched Firefox Browser]]>
            </line>
            <line>
              <![CDATA[Browser window is maximized successfully]]>
            </line>
          </reporter-output>
        </test-method> <!-- browserSetUp -->
        <test-method is-config="true" signature="loginToApplication()[pri:0, instance:testCaseSample.TC_SampleTestCase_Test@44821a96]" started-at="2023-10-08T19:48:16 IST" name="loginToApplication" finished-at="2023-10-08T19:48:22 IST" duration-ms="6027" status="PASS">
          <reporter-output>
          </reporter-output>
        </test-method> <!-- loginToApplication -->
        <test-method signature="sample()[pri:0, instance:testCaseSample.TC_SampleTestCase_Test@44821a96]" started-at="2023-10-08T19:48:22 IST" name="sample" finished-at="2023-10-08T19:48:23 IST" duration-ms="663" status="PASS">
          <reporter-output>
          </reporter-output>
        </test-method> <!-- sample -->
        <test-method is-config="true" signature="logoutOfApplication()[pri:0, instance:testCaseSample.TC_SampleTestCase_Test@44821a96]" started-at="2023-10-08T19:48:23 IST" name="logoutOfApplication" finished-at="2023-10-08T19:48:24 IST" duration-ms="1291" status="PASS">
          <reporter-output>
          </reporter-output>
        </test-method> <!-- logoutOfApplication -->
        <test-method is-config="true" signature="browserTearDown()[pri:0, instance:testCaseSample.TC_SampleTestCase_Test@44821a96]" started-at="2023-10-08T19:48:24 IST" name="browserTearDown" finished-at="2023-10-08T19:48:25 IST" duration-ms="1265" status="PASS">
          <reporter-output>
          </reporter-output>
        </test-method> <!-- browserTearDown -->
      </class> <!-- testCaseSample.TC_SampleTestCase_Test -->
    </test> <!-- Default test -->
  </suite> <!-- Default suite -->
</testng-results>
